<?xml version="1.0" encoding="UTF-8"?>
<!-- Generated by org.testng.reporters.JUnitReportReporter -->
<testsuite hostname="DESKTOP-B71KRO0" failures="0" tests="1" name="com.extentreport.Extentreport" time="7.735" errors="0" timestamp="2022-07-27T23:42:48 IST" skipped="0">
  <testcase classname="com.extentreport.Extentreport" name="nopcommerceTitle1" time="7.735"/>
  <system-out/>
</testsuite> <!-- com.extentreport.Extentreport -->
